Started at Sat Apr 22 00:36:38 UTC 2023
Processing ansible-test
Offering ansible-test to Project Build Discarder
Processing my-first-job
Offering my-first-job to Project Build Discarder
Processing remote-task
Offering remote-task to Project Build Discarder
Finished at Sat Apr 22 00:36:38 UTC 2023. 4ms
Started at Sat Apr 22 01:36:38 UTC 2023
Processing ansible-test
Offering ansible-test to Project Build Discarder
Processing my-first-job
Offering my-first-job to Project Build Discarder
Processing remote-task
Offering remote-task to Project Build Discarder
Finished at Sat Apr 22 01:36:38 UTC 2023. 1ms
Started at Sat Apr 22 02:36:38 UTC 2023
Processing ansible-test
Offering ansible-test to Project Build Discarder
Processing my-first-job
Offering my-first-job to Project Build Discarder
Processing remote-task
Offering remote-task to Project Build Discarder
Finished at Sat Apr 22 02:36:38 UTC 2023. 2ms
Started at Sat Apr 22 03:36:38 UTC 2023
Processing ansible-test
Offering ansible-test to Project Build Discarder
Processing my-first-job
Offering my-first-job to Project Build Discarder
Processing remote-task
Offering remote-task to Project Build Discarder
Finished at Sat Apr 22 03:36:38 UTC 2023. 2ms
